#
# There is insufficient memory for the Java Runtime Environment to continue.
# Native memory allocation (mmap) failed to map 262144000 bytes. Error detail: G1 virtual space
# Possible reasons:
#   The system is out of physical RAM or swap space
#   This process is running with CompressedOops enabled, and the Java Heap may be blocking the growth of the native heap
# Possible solutions:
#   Reduce memory load on the system
#   Increase physical memory or swap space
#   Check if swap backing store is full
#   Decrease Java heap size (-Xmx/-Xms)
#   Decrease number of Java threads
#   Decrease Java thread stack sizes (-Xss)
#   Set larger code cache with -XX:ReservedCodeCacheSize=
#   JVM is running with Zero Based Compressed Oops mode in which the Java heap is
#     placed in the first 32GB address space. The Java Heap base address is the
#     maximum limit for the native heap growth. Please use -XX:HeapBaseMinAddress
#     to set the Java Heap base and to place the Java Heap above 32GB virtual address.
# This output file may be truncated or incomplete.
#
#  Out of Memory Error (os_windows.cpp:3898), pid=43140, tid=27848
#
# JRE version:  (21.0.6) (build )
# Java VM: OpenJDK 64-Bit Server VM (21.0.6+-13119726-b895.91, mixed mode, sharing, tiered, compressed oops, compressed class ptrs, g1 gc, windows-amd64)
# No core dump will be written. Minidumps are not enabled by default on client versions of Windows
#

---------------  S U M M A R Y ------------

Command Line: git4idea.http.GitAskPassApp Username for 'https://github.com': 

Host: 13th Gen Intel(R) Core(TM) i7-1360P, 16 cores, 15G,  Windows 11 , 64 bit Build 26100 (10.0.26100.3912)
Time: Wed Jun 11 09:29:00 2025  Windows 11 , 64 bit Build 26100 (10.0.26100.3912) elapsed time: 1.390394 seconds (0d 0h 0m 1s)

---------------  T H R E A D  ---------------

Current thread (0x000001febc491610):  JavaThread "Unknown thread" [_thread_in_vm, id=27848, stack(0x00000066b1f00000,0x00000066b2000000) (1024K)]

Stack: [0x00000066b1f00000,0x00000066b2000000]
Native frames: (J=compiled Java code, j=interpreted, Vv=VM code, C=native code)
V  [jvm.dll+0x6d0639]
V  [jvm.dll+0x85eb03]
V  [jvm.dll+0x86105e]
V  [jvm.dll+0x861743]
V  [jvm.dll+0x27e6e6]
V  [jvm.dll+0x6ccfd5]
V  [jvm.dll+0x6c0a8a]
V  [jvm.dll+0x35537b]
V  [jvm.dll+0x35cfd6]
V  [jvm.dll+0x3aef86]
V  [jvm.dll+0x3af258]
V  [jvm.dll+0x327a2c]
V  [jvm.dll+0x32871b]
V  [jvm.dll+0x826549]
V  [jvm.dll+0x3bc158]
V  [jvm.dll+0x80f7f8]
V  [jvm.dll+0x45035e]
V  [jvm.dll+0x451ac1]
C  [jli.dll+0x52ab]
C  [ucrtbase.dll+0x37b0]
C  [KERNEL32.DLL+0x2e8d7]
C  [ntdll.dll+0x9c5dc]


---------------  P R O C E S S  ---------------

Threads class SMR info:
_java_thread_list=0x00007ffbd9941848, length=0, elements={
}

Java Threads: ( => current thread )
Total: 0

Other Threads:
  0x000001febc47e480 WorkerThread "GC Thread#0"                     [id=40160, stack(0x00000066b2000000,0x00000066b2100000) (1024K)]
  0x000001febe920f60 ConcurrentGCThread "G1 Main Marker"            [id=31344, stack(0x00000066b2100000,0x00000066b2200000) (1024K)]
  0x000001febc47e820 WorkerThread "G1 Conc#0"                       [id=47356, stack(0x00000066b2200000,0x00000066b2300000) (1024K)]

[error occurred during error reporting (printing all threads), id 0xc0000005, EXCEPTION_ACCESS_VIOLATION (0xc0000005) at pc=0x00007ffbd913aa87]
VM state: not at safepoint (not fully initialized)

VM Mutex/Monitor currently owned by a thread:  ([mutex/lock_event])
[0x00007ffbd99ae4a0] Heap_lock - owner thread: 0x000001febc491610

Heap address: 0x0000000706e00000, size: 3986 MB, Compressed Oops mode: Zero based, Oop shift amount: 3

CDS archive(s) mapped at: [0x0000000000000000-0x0000000000000000-0x0000000000000000), size 0, SharedBaseAddress: 0x0000000800000000, ArchiveRelocationMode: 1.
Narrow klass base: 0x0000000000000000, Narrow klass shift: 0, Narrow klass range: 0x0

GC Precious Log:
 CardTable entry size: 512
 Card Set container configuration: InlinePtr #cards 4 size 8 Array Of Cards #cards 16 size 48 Howl #buckets 8 coarsen threshold 3686 Howl Bitmap #cards 512 size 80 coarsen threshold 460 Card regions per heap region 1 cards per card region 4096

Heap:
 garbage-first heap   total 0K, used 0K [0x0000000706e00000, 0x0000000800000000)
  region size 2048K, 0 young (0K), 0 survivors (0K)
 Metaspace       used 0K, committed 0K, reserved 0K
  class space    used 0K, committed 0K, reserved 0K

Heap Regions: E=young(eden), S=young(survivor), O=old, HS=humongous(starts), HC=humongous(continues), CS=collection set, F=free, TAMS=top-at-mark-start, PB=parsable bottom

Card table byte_map: [0x000001fed1a50000,0x000001fed2220000] _byte_map_base: 0x000001fece219000

Marking Bits: (CMBitMap*) 0x000001febe910d70
 Bits: [0x000001fed2220000, 0x000001fed6068000)

GC Heap History (0 events):
No events

Dll operation events (1 events):
Event: 0.054 Loaded shared library C:\Program Files\Android\Android Studio\jbr\bin\java.dll

Deoptimization events (0 events):
No events

Classes loaded (0 events):
No events

Classes unloaded (0 events):
No events

Classes redefined (0 events):
No events

Internal exceptions (0 events):
No events

ZGC Phase Switch (0 events):
No events

VM Operations (0 events):
No events

Memory protections (0 events):
No events

Nmethod flushes (0 events):
No events

Events (0 events):
No events


Dynamic libraries:
0x00007ff63a510000 - 0x00007ff63a51a000 	C:\Program Files\Android\Android Studio\jbr\bin\java.exe
0x00007ffcac080000 - 0x00007ffcac2e6000 	C:\WINDOWS\SYSTEM32\ntdll.dll
0x00007ffcaa8c0000 - 0x00007ffcaa989000 	C:\WINDOWS\System32\KERNEL32.DLL
0x00007ffca9900000 - 0x00007ffca9ccc000 	C:\WINDOWS\System32\KERNELBASE.dll
0x00007ffca95a0000 - 0x00007ffca96eb000 	C:\WINDOWS\System32\ucrtbase.dll
0x00007ffbd86e0000 - 0x00007ffbd86f8000 	C:\Program Files\Android\Android Studio\jbr\bin\jli.dll
0x00007ffc05b00000 - 0x00007ffc05b1b000 	C:\Program Files\Android\Android Studio\jbr\bin\VCRUNTIME140.dll
0x00007ffcaa650000 - 0x00007ffcaa81a000 	C:\WINDOWS\System32\USER32.dll
0x00007ffca9210000 - 0x00007ffca9237000 	C:\WINDOWS\System32\win32u.dll
0x00007ffcaa890000 - 0x00007ffcaa8bb000 	C:\WINDOWS\System32\GDI32.dll
0x00007ffca92e0000 - 0x00007ffca9412000 	C:\WINDOWS\System32\gdi32full.dll
0x00007ffc89170000 - 0x00007ffc8940a000 	C:\WINDOWS\WinSxS\amd64_microsoft.windows.common-controls_6595b64144ccf1df_6.0.26100.3912_none_3e07963ce335137e\COMCTL32.dll
0x00007ffcaa150000 - 0x00007ffcaa1f9000 	C:\WINDOWS\System32\msvcrt.dll
0x00007ffca9d90000 - 0x00007ffca9e33000 	C:\WINDOWS\System32\msvcp_win.dll
0x00007ffcab2a0000 - 0x00007ffcab2d0000 	C:\WINDOWS\System32\IMM32.DLL
0x00007ffc8f3c0000 - 0x00007ffc8f3cc000 	C:\Program Files\Android\Android Studio\jbr\bin\vcruntime140_1.dll
0x00007ffc7c970000 - 0x00007ffc7c9fd000 	C:\Program Files\Android\Android Studio\jbr\bin\msvcp140.dll
0x00007ffbd8e00000 - 0x00007ffbd9a8b000 	C:\Program Files\Android\Android Studio\jbr\bin\server\jvm.dll
0x00007ffcaa4a0000 - 0x00007ffcaa552000 	C:\WINDOWS\System32\ADVAPI32.dll
0x00007ffcaa990000 - 0x00007ffcaaa36000 	C:\WINDOWS\System32\sechost.dll
0x00007ffcaaa40000 - 0x00007ffcaab56000 	C:\WINDOWS\System32\RPCRT4.dll
0x00007ffcaab60000 - 0x00007ffcaabd4000 	C:\WINDOWS\System32\WS2_32.dll
0x00007ffc91e70000 - 0x00007ffc91e7b000 	C:\WINDOWS\SYSTEM32\VERSION.dll
0x00007ffca7da0000 - 0x00007ffca7dfe000 	C:\WINDOWS\SYSTEM32\POWRPROF.dll
0x00007ffc9c550000 - 0x00007ffc9c586000 	C:\WINDOWS\SYSTEM32\WINMM.dll
0x00007ffca7d80000 - 0x00007ffca7d94000 	C:\WINDOWS\SYSTEM32\UMPDC.dll
0x00007ffca80f0000 - 0x00007ffca810a000 	C:\WINDOWS\SYSTEM32\kernel.appcore.dll
0x00007ffc6fd20000 - 0x00007ffc6fd2a000 	C:\Program Files\Android\Android Studio\jbr\bin\jimage.dll
0x00007ffca69c0000 - 0x00007ffca6c01000 	C:\WINDOWS\SYSTEM32\DBGHELP.DLL
0x00007ffcaada0000 - 0x00007ffcab124000 	C:\WINDOWS\System32\combase.dll
0x00007ffcaa560000 - 0x00007ffcaa640000 	C:\WINDOWS\System32\OLEAUT32.dll
0x00007ffc80ae0000 - 0x00007ffc80b19000 	C:\WINDOWS\SYSTEM32\dbgcore.DLL
0x00007ffca9240000 - 0x00007ffca92d9000 	C:\WINDOWS\System32\bcryptPrimitives.dll
0x00007ffbfed20000 - 0x00007ffbfed40000 	C:\Program Files\Android\Android Studio\jbr\bin\java.dll

dbghelp: loaded successfully - version: 4.0.5 - missing functions: none
symbol engine: initialized successfully - sym options: 0x614 - pdb path: .;C:\Program Files\Android\Android Studio\jbr\bin;C:\WINDOWS\SYSTEM32;C:\WINDOWS\WinSxS\amd64_microsoft.windows.common-controls_6595b64144ccf1df_6.0.26100.3912_none_3e07963ce335137e;C:\Program Files\Android\Android Studio\jbr\bin\server

VM Arguments:
java_command: git4idea.http.GitAskPassApp Username for 'https://github.com': 
java_class_path (initial): C:/Program Files/Android/Android Studio/plugins/vcs-git/lib/git4idea-rt.jar;C:/Program Files/Android/Android Studio/lib/externalProcess-rt.jar
Launcher Type: SUN_STANDARD

[Global flags]
     intx CICompilerCount                          = 12                                        {product} {ergonomic}
     uint ConcGCThreads                            = 3                                         {product} {ergonomic}
     uint G1ConcRefinementThreads                  = 13                                        {product} {ergonomic}
   size_t G1HeapRegionSize                         = 2097152                                   {product} {ergonomic}
    uintx GCDrainStackTargetSize                   = 64                                        {product} {ergonomic}
   size_t InitialHeapSize                          = 262144000                                 {product} {ergonomic}
   size_t MarkStackSize                            = 4194304                                   {product} {ergonomic}
   size_t MaxHeapSize                              = 4179623936                                {product} {ergonomic}
   size_t MinHeapDeltaBytes                        = 2097152                                   {product} {ergonomic}
   size_t MinHeapSize                              = 8388608                                   {product} {ergonomic}
    uintx NonNMethodCodeHeapSize                   = 7602480                                {pd product} {ergonomic}
    uintx NonProfiledCodeHeapSize                  = 122027880                              {pd product} {ergonomic}
    uintx ProfiledCodeHeapSize                     = 122027880                              {pd product} {ergonomic}
    uintx ReservedCodeCacheSize                    = 251658240                              {pd product} {ergonomic}
     bool SegmentedCodeCache                       = true                                      {product} {ergonomic}
   size_t SoftMaxHeapSize                          = 4179623936                             {manageable} {ergonomic}
     bool UseCompressedOops                        = true                           {product lp64_product} {ergonomic}
     bool UseG1GC                                  = true                                      {product} {ergonomic}
     bool UseLargePagesIndividualAllocation        = false                                  {pd product} {ergonomic}

Logging:
Log output configuration:
 #0: stdout all=warning uptime,level,tags foldmultilines=false
 #1: stderr all=off uptime,level,tags foldmultilines=false

Environment Variables:
PATH=C:\Program Files\Git\mingw64\libexec\git-core;C:\Program Files\Git\mingw64\libexec\git-core;C:\Program Files\Git\mingw64\bin;C:\Program Files\Git\usr\bin;C:\Users\user\bin;C:\Program Files (x86)\NAT Service;C:\WINDOWS\system32;C:\WINDOWS;C:\WINDOWS\System32\Wbem;C:\WINDOWS\System32\WindowsPowerShell\v1.0;C:\WINDOWS\System32\OpenSSH;C:\Program Files\Bandizip;C:\Program Files\nodejs;C:\Program Files\Git\cmd;C:\Users\user\AppData\Local\Programs\Python\Python311\Scripts;C:\Users\user\AppData\Local\Programs\Python\Python311;C:\Users\user\AppData\Local\Microsoft\WindowsApps;C:\Users\user\AppData\Local\gitkraken\bin;C:\Users\user\AppData\Local\Programs\Microsoft VS Code\bin;C:\Users\user\AppData\Local\afreeca;C:\Users\user\AppData\Roaming\npm;C:\Users\user\AppData\Local\SOOP;C:\Users\user\AppData\Local\Microsoft\WindowsApps
USERNAME=user
DISPLAY=:0.0
LC_ALL=en_US.UTF-8
TERM=xterm-256color
TMPDIR=C:\Users\user\AppData\Local\Temp
OS=Windows_NT
PROCESSOR_IDENTIFIER=Intel64 Family 6 Model 186 Stepping 2, GenuineIntel
TMP=C:\Users\user\AppData\Local\Temp
TEMP=C:\Users\user\AppData\Local\Temp




Periodic native trim disabled

JNI global refs:
JNI global refs: 0, weak refs: 0

JNI global refs memory usage: 0, weak refs: 0

Process memory usage:
Resident Set Size: 13052K (0% of 16326588K total physical memory with 829816K free physical memory)

OOME stack traces (most recent first):
Classloader memory used:

---------------  S Y S T E M  ---------------

OS:
 Windows 11 , 64 bit Build 26100 (10.0.26100.3912)
OS uptime: 6 days 19:13 hours
Hyper-V role detected

CPU: total 16 (initial active 16) (8 cores per cpu, 2 threads per core) family 6 model 186 stepping 2 microcode 0x410e, cx8, cmov, fxsr, ht, mmx, 3dnowpref, sse, sse2, sse3, ssse3, sse4.1, sse4.2, popcnt, lzcnt, tsc, tscinvbit, avx, avx2, aes, erms, clmul, bmi1, bmi2, adx, sha, fma, vzeroupper, clflush, clflushopt, clwb, hv, serialize, rdtscp, rdpid, fsrm, f16c, cet_ibt, cet_ss
Processor Information for processor 0
  Max Mhz: 2200, Current Mhz: 2200, Mhz Limit: 2200
Processor Information for processor 1
  Max Mhz: 2200, Current Mhz: 1466, Mhz Limit: 2200
Processor Information for processor 2
  Max Mhz: 2200, Current Mhz: 2200, Mhz Limit: 2200
Processor Information for processor 3
  Max Mhz: 2200, Current Mhz: 2200, Mhz Limit: 2200
Processor Information for processor 4
  Max Mhz: 2200, Current Mhz: 2200, Mhz Limit: 2200
Processor Information for processor 5
  Max Mhz: 2200, Current Mhz: 2200, Mhz Limit: 2200
Processor Information for processor 6
  Max Mhz: 2200, Current Mhz: 2200, Mhz Limit: 2200
Processor Information for processor 7
  Max Mhz: 2200, Current Mhz: 2200, Mhz Limit: 2200
Processor Information for processor 8
  Max Mhz: 2200, Current Mhz: 1500, Mhz Limit: 1584
Processor Information for processor 9
  Max Mhz: 2200, Current Mhz: 1600, Mhz Limit: 1584
Processor Information for processor 10
  Max Mhz: 2200, Current Mhz: 1500, Mhz Limit: 1584
Processor Information for processor 11
  Max Mhz: 2200, Current Mhz: 1600, Mhz Limit: 1584
Processor Information for processor 12
  Max Mhz: 2200, Current Mhz: 1500, Mhz Limit: 1584
Processor Information for processor 13
  Max Mhz: 2200, Current Mhz: 1500, Mhz Limit: 1584
Processor Information for processor 14
  Max Mhz: 2200, Current Mhz: 1600, Mhz Limit: 1584
Processor Information for processor 15
  Max Mhz: 2200, Current Mhz: 1600, Mhz Limit: 1584

Memory: 4k page, system-wide physical 15943M (810M free)
TotalPageFile size 65095M (AvailPageFile size 206M)
current process WorkingSet (physical memory assigned to process): 12M, peak: 12M
current process commit charge ("private bytes"): 70M, peak: 320M

vm_info: OpenJDK 64-Bit Server VM (21.0.6+-13119726-b895.91) for windows-amd64 JRE (21.0.6+-13119726-b895.91), built on 2025-02-25T19:05:35Z by "builder" with MS VC++ 16.10 / 16.11 (VS2019)

END.
